<?xml version="1.0" encoding="UTF-8"?>
<testng-results skipped="0" failed="0" ignored="0" total="1" passed="1">
  <reporter-output>
  </reporter-output>
  <suite name="Default suite" duration-ms="114" started-at="2020-04-17T07:16:21 PDT" finished-at="2020-04-17T07:16:21 PDT">
    <groups>
    </groups>
    <test name="Default test" duration-ms="114" started-at="2020-04-17T07:16:21 PDT" finished-at="2020-04-17T07:16:21 PDT">
      <class name="com.ip.lambdaexpression.NumberPresenTest">
        <test-method status="PASS" signature="setUp()[pri:0, instance:com.ip.lambdaexpression.NumberPresenTest@2b9627bc]" name="setUp" is-config="true" duration-ms="38" started-at="2020-04-17T07:16:21 PDT" finished-at="2020-04-17T07:16:21 PDT">
          <reporter-output>
          </reporter-output>
        </test-method> <!-- setUp -->
        <test-method status="PASS" signature="listOfIntegerStreamType()[pri:0, instance:com.ip.lambdaexpression.NumberPresenTest@2b9627bc]" name="listOfIntegerStreamType" duration-ms="19" started-at="2020-04-17T07:16:21 PDT" finished-at="2020-04-17T07:16:21 PDT">
          <reporter-output>
          </reporter-output>
        </test-method> <!-- listOfIntegerStreamType -->
      </class> <!-- com.ip.lambdaexpression.NumberPresenTest -->
    </test> <!-- Default test -->
  </suite> <!-- Default suite -->
</testng-results>
